2015-03-31 14:46:07.040 Workshop[26362:930020] DiskCookieStorage changing policy from 2 to 0, cookie file: file:///Users/adam/Library/Developer/CoreSimulator/Devices/54F676AE-E829-4688-83B3-D17C3776FDC4/data/Containers/Data/Application/DF03CB7B-6F47-470E-8C5C-6CEFE46E63CB/Library/Cookies/Cookies.binarycookies
2015-03-31 14:46:07.238 Workshop[26362:930020] Apache Cordova native platform version 3.8.0 is starting.
2015-03-31 14:46:07.238 Workshop[26362:930020] Multi-tasking -> Device: YES, App: YES
2015-03-31 14:46:07.249 Workshop[26362:930020] Unlimited access to network resources
2015-03-31 14:46:07.260 Workshop[26362:930020] 

Started backup to iCloud! Please be careful.
Your application might be rejected by Apple if you store too much data.
For more information please read "iOS Data Storage Guidelines" at:
https://developer.apple.com/icloud/documentation/data-storage/
To disable web storage backup to iCloud, set the BackupWebStorage preference to "local" in the Cordova config.xml file

2015-03-31 14:46:09.295 Workshop[26362:930020] Resetting plugins due to page load.
2015-03-31 14:46:09.432 Workshop[26362:930020] Finished load of: file:///Users/adam/Library/Developer/CoreSimulator/Devices/54F676AE-E829-4688-83B3-D17C3776FDC4/data/Containers/Bundle/Application/13048017-9229-4B87-A616-4BEFF109B6E2/Workshop.app/www/index.html
2015-03-31 14:46:09.550 Workshop[26362:930020] Received Event: deviceready
2015-03-31 14:50:59.612 Workshop[28071:938940] DiskCookieStorage changing policy from 2 to 0, cookie file: file:///Users/adam/Library/Developer/CoreSimulator/Devices/54F676AE-E829-4688-83B3-D17C3776FDC4/data/Containers/Data/Application/48C6C8AC-C343-4667-83BE-915A054304A5/Library/Cookies/Cookies.binarycookies
2015-03-31 14:50:59.794 Workshop[28071:938940] Apache Cordova native platform version 3.8.0 is starting.
2015-03-31 14:50:59.794 Workshop[28071:938940] Multi-tasking -> Device: YES, App: YES
2015-03-31 14:50:59.797 Workshop[28071:938940] Unlimited access to network resources
2015-03-31 14:50:59.809 Workshop[28071:938940] 

Started backup to iCloud! Please be careful.
Your application might be rejected by Apple if you store too much data.
For more information please read "iOS Data Storage Guidelines" at:
https://developer.apple.com/icloud/documentation/data-storage/
To disable web storage backup to iCloud, set the BackupWebStorage preference to "local" in the Cordova config.xml file

2015-03-31 14:51:00.271 Workshop[28071:938940] ERROR: Start Page at 'www/index.html' was not found.
2015-03-31 14:51:00.462 Workshop[28071:938940] Resetting plugins due to page load.
2015-03-31 14:51:00.549 Workshop[28071:938940] Finished load of: about:blank
2015-03-31 14:53:29.612 Workshop[29688:944539] DiskCookieStorage changing policy from 2 to 0, cookie file: file:///Users/adam/Library/Developer/CoreSimulator/Devices/54F676AE-E829-4688-83B3-D17C3776FDC4/data/Containers/Data/Application/9895158E-F9B7-49C8-A937-DACDE197D3B4/Library/Cookies/Cookies.binarycookies
2015-03-31 14:53:29.790 Workshop[29688:944539] Apache Cordova native platform version 3.8.0 is starting.
2015-03-31 14:53:29.790 Workshop[29688:944539] Multi-tasking -> Device: YES, App: YES
2015-03-31 14:53:29.793 Workshop[29688:944539] Unlimited access to network resources
2015-03-31 14:53:29.796 Workshop[29688:944539] 

Started backup to iCloud! Please be careful.
Your application might be rejected by Apple if you store too much data.
For more information please read "iOS Data Storage Guidelines" at:
https://developer.apple.com/icloud/documentation/data-storage/
To disable web storage backup to iCloud, set the BackupWebStorage preference to "local" in the Cordova config.xml file

2015-03-31 14:53:30.320 Workshop[29688:944539] ERROR: Start Page at 'www/index.html' was not found.
2015-03-31 14:53:30.537 Workshop[29688:944539] Resetting plugins due to page load.
2015-03-31 14:53:30.570 Workshop[29688:944539] Finished load of: about:blank
2015-03-31 14:55:54.752 Workshop[31373:950708] DiskCookieStorage changing policy from 2 to 0, cookie file: file:///Users/adam/Library/Developer/CoreSimulator/Devices/54F676AE-E829-4688-83B3-D17C3776FDC4/data/Containers/Data/Application/92EEEF64-2B3A-4B4F-B63F-E6948627EF6F/Library/Cookies/Cookies.binarycookies
2015-03-31 14:55:54.890 Workshop[31373:950708] Apache Cordova native platform version 3.8.0 is starting.
2015-03-31 14:55:54.891 Workshop[31373:950708] Multi-tasking -> Device: YES, App: YES
2015-03-31 14:55:54.895 Workshop[31373:950708] Unlimited access to network resources
2015-03-31 14:55:54.900 Workshop[31373:950708] 

Started backup to iCloud! Please be careful.
Your application might be rejected by Apple if you store too much data.
For more information please read "iOS Data Storage Guidelines" at:
https://developer.apple.com/icloud/documentation/data-storage/
To disable web storage backup to iCloud, set the BackupWebStorage preference to "local" in the Cordova config.xml file

2015-03-31 14:55:55.279 Workshop[31373:950708] ERROR: Start Page at 'www/index.html' was not found.
2015-03-31 14:55:55.421 Workshop[31373:950708] Resetting plugins due to page load.
2015-03-31 14:55:55.470 Workshop[31373:950708] Finished load of: about:blank
2015-03-31 14:57:45.592 Workshop[31674:954242] DiskCookieStorage changing policy from 2 to 0, cookie file: file:///Users/adam/Library/Developer/CoreSimulator/Devices/54F676AE-E829-4688-83B3-D17C3776FDC4/data/Containers/Data/Application/59790285-8207-409B-A043-D1790AE9106F/Library/Cookies/Cookies.binarycookies
2015-03-31 14:57:45.762 Workshop[31674:954242] Apache Cordova native platform version 3.8.0 is starting.
2015-03-31 14:57:45.763 Workshop[31674:954242] Multi-tasking -> Device: YES, App: YES
2015-03-31 14:57:45.765 Workshop[31674:954242] Unlimited access to network resources
2015-03-31 14:57:45.770 Workshop[31674:954242] 

Started backup to iCloud! Please be careful.
Your application might be rejected by Apple if you store too much data.
For more information please read "iOS Data Storage Guidelines" at:
https://developer.apple.com/icloud/documentation/data-storage/
To disable web storage backup to iCloud, set the BackupWebStorage preference to "local" in the Cordova config.xml file

2015-03-31 14:57:46.412 Workshop[31674:954242] Resetting plugins due to page load.
2015-03-31 14:57:46.763 Workshop[31674:954242] Finished load of: file:///Users/adam/Library/Developer/CoreSimulator/Devices/54F676AE-E829-4688-83B3-D17C3776FDC4/data/Containers/Bundle/Application/72A59705-30CA-4835-A055-E782E1AA734F/Workshop.app/www/index.html
2015-03-31 14:59:06.975 Workshop[31674:954336] Terminating since there is no system app.
2015-03-31 15:17:11.800 Workshop[32860:981521] DiskCookieStorage changing policy from 2 to 0, cookie file: file:///Users/adam/Library/Developer/CoreSimulator/Devices/54F676AE-E829-4688-83B3-D17C3776FDC4/data/Containers/Data/Application/60AD4745-C8CB-4638-9D9D-3412D85068DD/Library/Cookies/Cookies.binarycookies
2015-03-31 15:17:12.126 Workshop[32860:981521] Apache Cordova native platform version 3.8.0 is starting.
2015-03-31 15:17:12.126 Workshop[32860:981521] Multi-tasking -> Device: YES, App: YES
2015-03-31 15:17:12.183 Workshop[32860:981521] Unlimited access to network resources
2015-03-31 15:17:12.198 Workshop[32860:981521] 

Started backup to iCloud! Please be careful.
Your application might be rejected by Apple if you store too much data.
For more information please read "iOS Data Storage Guidelines" at:
https://developer.apple.com/icloud/documentation/data-storage/
To disable web storage backup to iCloud, set the BackupWebStorage preference to "local" in the Cordova config.xml file

2015-03-31 15:17:12.961 Workshop[32860:981521] Resetting plugins due to page load.
2015-03-31 15:17:13.346 Workshop[32860:981521] Finished load of: file:///Users/adam/Library/Developer/CoreSimulator/Devices/54F676AE-E829-4688-83B3-D17C3776FDC4/data/Containers/Bundle/Application/34F00C5A-5589-44B0-87FD-8F9878DD94B8/Workshop.app/www/index.html
2015-03-31 15:26:18.229 Workshop[33464:994997] DiskCookieStorage changing policy from 2 to 0, cookie file: file:///Users/adam/Library/Developer/CoreSimulator/Devices/54F676AE-E829-4688-83B3-D17C3776FDC4/data/Containers/Data/Application/531D4B52-1C4B-4432-8518-BCB19656E408/Library/Cookies/Cookies.binarycookies
2015-03-31 15:26:18.748 Workshop[33464:994997] Apache Cordova native platform version 3.8.0 is starting.
2015-03-31 15:26:18.749 Workshop[33464:994997] Multi-tasking -> Device: YES, App: YES
2015-03-31 15:26:18.799 Workshop[33464:994997] Unlimited access to network resources
2015-03-31 15:26:18.819 Workshop[33464:994997] 

Started backup to iCloud! Please be careful.
Your application might be rejected by Apple if you store too much data.
For more information please read "iOS Data Storage Guidelines" at:
https://developer.apple.com/icloud/documentation/data-storage/
To disable web storage backup to iCloud, set the BackupWebStorage preference to "local" in the Cordova config.xml file

2015-03-31 15:26:20.561 Workshop[33464:994997] Resetting plugins due to page load.
2015-03-31 15:26:21.260 Workshop[33464:994997] Finished load of: file:///Users/adam/Library/Developer/CoreSimulator/Devices/54F676AE-E829-4688-83B3-D17C3776FDC4/data/Containers/Bundle/Application/19EBC86D-19EF-4188-B701-A0F6C1A4CD22/Workshop.app/www/index.html
2015-03-31 15:26:21.324 Workshop[33464:994997] INSERT success
2015-03-31 15:26:21.325 Workshop[33464:994997] INSERT success
2015-03-31 15:26:21.326 Workshop[33464:994997] INSERT success
2015-03-31 15:26:21.326 Workshop[33464:994997] INSERT success
2015-03-31 15:26:21.327 Workshop[33464:994997] INSERT success
2015-03-31 15:26:21.328 Workshop[33464:994997] INSERT success
2015-03-31 15:26:21.329 Workshop[33464:994997] INSERT success
2015-03-31 15:26:21.330 Workshop[33464:994997] INSERT success
2015-03-31 15:26:21.331 Workshop[33464:994997] Transaction success
2015-03-31 15:26:21.331 Workshop[33464:994997] Service initialized
2015-03-31 15:26:28.519 Workshop[33464:994997] THREAD WARNING: ['Notification'] took '83.294189' ms. Plugin should use a background thread.
2015-03-31 15:29:09.382 Workshop[33464:994997] THREAD WARNING: ['Notification'] took '10.658936' ms. Plugin should use a background thread.
2015-03-31 15:32:12.893 Workshop[34009:1004553] DiskCookieStorage changing policy from 2 to 0, cookie file: file:///Users/adam/Library/Developer/CoreSimulator/Devices/54F676AE-E829-4688-83B3-D17C3776FDC4/data/Containers/Data/Application/BC4866F3-369B-4D7C-870B-C509D7AA75D0/Library/Cookies/Cookies.binarycookies
2015-03-31 15:32:13.035 Workshop[34009:1004553] Apache Cordova native platform version 3.8.0 is starting.
2015-03-31 15:32:13.036 Workshop[34009:1004553] Multi-tasking -> Device: YES, App: YES
2015-03-31 15:32:13.039 Workshop[34009:1004553] Unlimited access to network resources
2015-03-31 15:32:13.043 Workshop[34009:1004553] 

Started backup to iCloud! Please be careful.
Your application might be rejected by Apple if you store too much data.
For more information please read "iOS Data Storage Guidelines" at:
https://developer.apple.com/icloud/documentation/data-storage/
To disable web storage backup to iCloud, set the BackupWebStorage preference to "local" in the Cordova config.xml file

2015-03-31 15:32:13.525 Workshop[34009:1004553] Resetting plugins due to page load.
2015-03-31 15:32:13.719 Workshop[34009:1004553] Finished load of: file:///Users/adam/Library/Developer/CoreSimulator/Devices/54F676AE-E829-4688-83B3-D17C3776FDC4/data/Containers/Bundle/Application/0272A89A-EC19-427F-8E44-E40FF6633EDE/Workshop.app/www/index.html
2015-03-31 15:32:13.780 Workshop[34009:1004553] Transaction success
2015-03-31 15:32:13.780 Workshop[34009:1004553] Service initialized
2015-03-31 15:32:29.329 Workshop[34009:1004553] THREAD WARNING: ['Notification'] took '28.757080' ms. Plugin should use a background thread.
2015-03-31 15:32:32.046 Workshop[34009:1004553] THREAD WARNING: ['Notification'] took '13.904053' ms. Plugin should use a background thread.
2015-03-31 15:32:34.771 Workshop[34009:1004553] THREAD WARNING: ['Notification'] took '13.716064' ms. Plugin should use a background thread.
2015-03-31 15:40:40.698 Workshop[34572:1016758] DiskCookieStorage changing policy from 2 to 0, cookie file: file:///Users/adam/Library/Developer/CoreSimulator/Devices/54F676AE-E829-4688-83B3-D17C3776FDC4/data/Containers/Data/Application/44AC7774-09E8-4FF8-B530-9C841020DFC9/Library/Cookies/Cookies.binarycookies
2015-03-31 15:40:40.855 Workshop[34572:1016758] Apache Cordova native platform version 3.8.0 is starting.
2015-03-31 15:40:40.856 Workshop[34572:1016758] Multi-tasking -> Device: YES, App: YES
2015-03-31 15:40:40.858 Workshop[34572:1016758] Unlimited access to network resources
2015-03-31 15:40:40.862 Workshop[34572:1016758] 

Started backup to iCloud! Please be careful.
Your application might be rejected by Apple if you store too much data.
For more information please read "iOS Data Storage Guidelines" at:
https://developer.apple.com/icloud/documentation/data-storage/
To disable web storage backup to iCloud, set the BackupWebStorage preference to "local" in the Cordova config.xml file

2015-03-31 15:40:41.369 Workshop[34572:1016758] Resetting plugins due to page load.
2015-03-31 15:40:41.531 Workshop[34572:1016758] Finished load of: file:///Users/adam/Library/Developer/CoreSimulator/Devices/54F676AE-E829-4688-83B3-D17C3776FDC4/data/Containers/Bundle/Application/086A1ECC-5EAD-45D1-9C5D-0A3181FF6475/Workshop.app/www/index.html
2015-03-31 15:40:41.578 Workshop[34572:1016758] INSERT success
2015-03-31 15:40:41.578 Workshop[34572:1016758] INSERT success
2015-03-31 15:40:41.579 Workshop[34572:1016758] INSERT success
2015-03-31 15:40:41.586 Workshop[34572:1016758] INSERT success
2015-03-31 15:40:41.587 Workshop[34572:1016758] INSERT success
2015-03-31 15:40:41.587 Workshop[34572:1016758] INSERT success
2015-03-31 15:40:41.587 Workshop[34572:1016758] INSERT success
2015-03-31 15:40:41.587 Workshop[34572:1016758] INSERT success
2015-03-31 15:40:41.587 Workshop[34572:1016758] INSERT success
2015-03-31 15:40:41.691 Workshop[34572:1016758] Transaction success
2015-03-31 15:40:41.692 Workshop[34572:1016758] Service initialized
2015-03-31 15:57:56.440 Workshop[35742:1039721] DiskCookieStorage changing policy from 2 to 0, cookie file: file:///Users/adam/Library/Developer/CoreSimulator/Devices/54F676AE-E829-4688-83B3-D17C3776FDC4/data/Containers/Data/Application/3A42558C-F0AA-41E1-B490-BC5B5D9ED1E8/Library/Cookies/Cookies.binarycookies
2015-03-31 15:57:57.009 Workshop[35742:1039721] Apache Cordova native platform version 3.8.0 is starting.
2015-03-31 15:57:57.009 Workshop[35742:1039721] Multi-tasking -> Device: YES, App: YES
2015-03-31 15:57:57.038 Workshop[35742:1039721] Unlimited access to network resources
2015-03-31 15:57:57.063 Workshop[35742:1039721] 

Started backup to iCloud! Please be careful.
Your application might be rejected by Apple if you store too much data.
For more information please read "iOS Data Storage Guidelines" at:
https://developer.apple.com/icloud/documentation/data-storage/
To disable web storage backup to iCloud, set the BackupWebStorage preference to "local" in the Cordova config.xml file

2015-03-31 15:57:58.307 Workshop[35742:1039721] Resetting plugins due to page load.
2015-03-31 15:57:58.527 Workshop[35742:1039721] Finished load of: file:///Users/adam/Library/Developer/CoreSimulator/Devices/54F676AE-E829-4688-83B3-D17C3776FDC4/data/Containers/Bundle/Application/53651F3C-4D2F-477A-A39C-084DDB786057/Workshop.app/www/index.html
2015-03-31 15:58:49.145 Workshop[36022:1041404] DiskCookieStorage changing policy from 2 to 0, cookie file: file:///Users/adam/Library/Developer/CoreSimulator/Devices/54F676AE-E829-4688-83B3-D17C3776FDC4/data/Containers/Data/Application/7022545B-39ED-4218-9284-4F419AC47005/Library/Cookies/Cookies.binarycookies
2015-03-31 15:58:49.321 Workshop[36022:1041404] Apache Cordova native platform version 3.8.0 is starting.
2015-03-31 15:58:49.322 Workshop[36022:1041404] Multi-tasking -> Device: YES, App: YES
2015-03-31 15:58:49.325 Workshop[36022:1041404] Unlimited access to network resources
2015-03-31 15:58:49.330 Workshop[36022:1041404] 

Started backup to iCloud! Please be careful.
Your application might be rejected by Apple if you store too much data.
For more information please read "iOS Data Storage Guidelines" at:
https://developer.apple.com/icloud/documentation/data-storage/
To disable web storage backup to iCloud, set the BackupWebStorage preference to "local" in the Cordova config.xml file

2015-03-31 15:58:49.987 Workshop[36022:1041404] Resetting plugins due to page load.
2015-03-31 15:58:50.113 Workshop[36022:1041404] Finished load of: file:///Users/adam/Library/Developer/CoreSimulator/Devices/54F676AE-E829-4688-83B3-D17C3776FDC4/data/Containers/Bundle/Application/D327C49E-A1CD-4ED3-B245-7C96DFA38120/Workshop.app/www/index.html
2015-03-31 16:02:29.228 Workshop[36394:1047522] DiskCookieStorage changing policy from 2 to 0, cookie file: file:///Users/adam/Library/Developer/CoreSimulator/Devices/54F676AE-E829-4688-83B3-D17C3776FDC4/data/Containers/Data/Application/1472A706-8D6E-4C37-8FFD-B0EB2A89B2F6/Library/Cookies/Cookies.binarycookies
2015-03-31 16:02:29.426 Workshop[36394:1047522] Apache Cordova native platform version 3.8.0 is starting.
2015-03-31 16:02:29.427 Workshop[36394:1047522] Multi-tasking -> Device: YES, App: YES
2015-03-31 16:02:29.429 Workshop[36394:1047522] Unlimited access to network resources
2015-03-31 16:02:29.441 Workshop[36394:1047522] 

Started backup to iCloud! Please be careful.
Your application might be rejected by Apple if you store too much data.
For more information please read "iOS Data Storage Guidelines" at:
https://developer.apple.com/icloud/documentation/data-storage/
To disable web storage backup to iCloud, set the BackupWebStorage preference to "local" in the Cordova config.xml file

2015-03-31 16:02:30.101 Workshop[36394:1047522] Resetting plugins due to page load.
2015-03-31 16:02:30.266 Workshop[36394:1047522] Finished load of: file:///Users/adam/Library/Developer/CoreSimulator/Devices/54F676AE-E829-4688-83B3-D17C3776FDC4/data/Containers/Bundle/Application/3C81DE2E-7B0E-4BB7-A406-21C23A575973/Workshop.app/www/index.html
2015-03-31 16:07:20.004 Workshop[36798:1054412] DiskCookieStorage changing policy from 2 to 0, cookie file: file:///Users/adam/Library/Developer/CoreSimulator/Devices/54F676AE-E829-4688-83B3-D17C3776FDC4/data/Containers/Data/Application/272A2C98-100B-4A45-8866-412D0248D755/Library/Cookies/Cookies.binarycookies
2015-03-31 16:07:20.206 Workshop[36798:1054412] Apache Cordova native platform version 3.8.0 is starting.
2015-03-31 16:07:20.206 Workshop[36798:1054412] Multi-tasking -> Device: YES, App: YES
2015-03-31 16:07:20.209 Workshop[36798:1054412] Unlimited access to network resources
2015-03-31 16:07:20.213 Workshop[36798:1054412] 

Started backup to iCloud! Please be careful.
Your application might be rejected by Apple if you store too much data.
For more information please read "iOS Data Storage Guidelines" at:
https://developer.apple.com/icloud/documentation/data-storage/
To disable web storage backup to iCloud, set the BackupWebStorage preference to "local" in the Cordova config.xml file

2015-03-31 16:07:20.921 Workshop[36798:1054412] Resetting plugins due to page load.
2015-03-31 16:07:21.079 Workshop[36798:1054412] Finished load of: file:///Users/adam/Library/Developer/CoreSimulator/Devices/54F676AE-E829-4688-83B3-D17C3776FDC4/data/Containers/Bundle/Application/CF2E54AD-5A20-474F-8CF4-A89383785EC6/Workshop.app/www/index.html
2015-03-31 16:10:24.810 Workshop[37185:1059946] DiskCookieStorage changing policy from 2 to 0, cookie file: file:///Users/adam/Library/Developer/CoreSimulator/Devices/54F676AE-E829-4688-83B3-D17C3776FDC4/data/Containers/Data/Application/77CEA318-61D8-4510-90BD-C5CA4070E785/Library/Cookies/Cookies.binarycookies
2015-03-31 16:10:24.950 Workshop[37185:1059946] Apache Cordova native platform version 3.8.0 is starting.
2015-03-31 16:10:24.950 Workshop[37185:1059946] Multi-tasking -> Device: YES, App: YES
2015-03-31 16:10:24.953 Workshop[37185:1059946] Unlimited access to network resources
2015-03-31 16:10:24.957 Workshop[37185:1059946] 

Started backup to iCloud! Please be careful.
Your application might be rejected by Apple if you store too much data.
For more information please read "iOS Data Storage Guidelines" at:
https://developer.apple.com/icloud/documentation/data-storage/
To disable web storage backup to iCloud, set the BackupWebStorage preference to "local" in the Cordova config.xml file

2015-03-31 16:10:25.489 Workshop[37185:1059946] Resetting plugins due to page load.
2015-03-31 16:10:25.799 Workshop[37185:1059946] Finished load of: file:///Users/adam/Library/Developer/CoreSimulator/Devices/54F676AE-E829-4688-83B3-D17C3776FDC4/data/Containers/Bundle/Application/44035E09-347F-4857-9FCB-B3DC2BFA3432/Workshop.app/www/index.html
2015-03-31 16:10:25.845 Workshop[37185:1059946] INSERT success
2015-03-31 16:10:25.845 Workshop[37185:1059946] INSERT success
2015-03-31 16:10:25.846 Workshop[37185:1059946] INSERT success
2015-03-31 16:10:25.847 Workshop[37185:1059946] INSERT success
2015-03-31 16:10:25.848 Workshop[37185:1059946] INSERT success
2015-03-31 16:10:25.849 Workshop[37185:1059946] INSERT success
2015-03-31 16:10:25.850 Workshop[37185:1059946] INSERT success
2015-03-31 16:10:25.851 Workshop[37185:1059946] INSERT success
2015-03-31 16:10:25.852 Workshop[37185:1059946] INSERT success
2015-03-31 16:10:25.853 Workshop[37185:1059946] INSERT success
2015-03-31 16:10:25.927 Workshop[37185:1059946] Transaction success
2015-03-31 16:10:25.927 Workshop[37185:1059946] Service initialized
